<?xml version="1.0" encoding="UTF-8"?>
<!-- Generated by org.testng.reporters.JUnitXMLReporter -->
<testsuite ignored="0" hostname="SVG" failures="0" tests="6" name="Test" time="0.348" errors="0" timestamp="2022-11-22T09:11:58 IST">
  <testcase classname="fb_testcases.LoginPageTest" name="@BeforeMethod setUp" time="0.009">
    <failure type="java.lang.NullPointerException" message="Cannot invoke &amp;quot;org.openqa.selenium.WebDriver.manage()&amp;quot; because &amp;quot;fb_base.Baseclass.driver&amp;quot; is null">
      <![CDATA[java.lang.NullPointerException: Cannot invoke "org.openqa.selenium.WebDriver.manage()" because "fb_base.Baseclass.driver" is null
at fb_base.Baseclass.initialization(Baseclass.java:48)
at fb_testcases.LoginPageTest.setUp(LoginPageTest.java:23)
at java.base/java.util.ArrayList.forEach(ArrayList.java:1511)
... Removed 31 stack frames]]>
    </failure>
  </testcase> <!-- @BeforeMethod setUp -->
  <testcase classname="fb_testcases.LoginPageTest" name="@AfterMethod tearDown" time="-1.669088517799E9">
    <skipped/>
  </testcase> <!-- @AfterMethod tearDown -->
  <testcase classname="fb_testcases.LoginPageTest" name="@BeforeMethod setUp" time="-1.669088517806E9">
    <skipped/>
  </testcase> <!-- @BeforeMethod setUp -->
  <testcase classname="fb_testcases.LoginPageTest" name="@AfterMethod tearDown" time="-1.669088517818E9">
    <skipped/>
  </testcase> <!-- @AfterMethod tearDown -->
  <testcase classname="fb_testcases.LoginPageTest" name="@BeforeMethod setUp" time="-1.669088517869E9">
    <skipped/>
  </testcase> <!-- @BeforeMethod setUp -->
  <testcase classname="fb_testcases.LoginPageTest" name="@AfterMethod tearDown" time="-1.669088517887E9">
    <skipped/>
  </testcase> <!-- @AfterMethod tearDown -->
  <testcase classname="fb_testcases.HomePageTest" name="@BeforeMethod setUp" time="0.0">
    <failure type="java.lang.NullPointerException" message="Cannot invoke &amp;quot;org.openqa.selenium.WebDriver.manage()&amp;quot; because &amp;quot;fb_base.Baseclass.driver&amp;quot; is null">
      <![CDATA[java.lang.NullPointerException: Cannot invoke "org.openqa.selenium.WebDriver.manage()" because "fb_base.Baseclass.driver" is null
at fb_base.Baseclass.initialization(Baseclass.java:48)
at fb_testcases.HomePageTest.setUp(HomePageTest.java:23)
at java.base/java.util.ArrayList.forEach(ArrayList.java:1511)
... Removed 31 stack frames]]>
    </failure>
  </testcase> <!-- @BeforeMethod setUp -->
  <testcase classname="fb_testcases.HomePageTest" name="@AfterMethod tearDown" time="-1.669088517917E9">
    <skipped/>
  </testcase> <!-- @AfterMethod tearDown -->
  <testcase classname="fb_testcases.HomePageTest" name="@BeforeMethod setUp" time="-1.669088517927E9">
    <skipped/>
  </testcase> <!-- @BeforeMethod setUp -->
  <testcase classname="fb_testcases.HomePageTest" name="@AfterMethod tearDown" time="-1.669088517942E9">
    <skipped/>
  </testcase> <!-- @AfterMethod tearDown -->
  <testcase classname="fb_testcases.HomePageTest" name="@BeforeMethod setUp" time="-1.669088517946E9">
    <skipped/>
  </testcase> <!-- @BeforeMethod setUp -->
  <testcase classname="fb_testcases.HomePageTest" name="@AfterMethod tearDown" time="-1.669088518003E9">
    <skipped/>
  </testcase> <!-- @AfterMethod tearDown -->
  <testcase classname="fb_testcases.LoginPageTest" name="loginPageTitleTest" time="0.0">
    <skipped/>
  </testcase> <!-- loginPageTitleTest -->
  <testcase classname="fb_testcases.LoginPageTest" name="faceBookLogoImageTest" time="0.001">
    <skipped/>
  </testcase> <!-- faceBookLogoImageTest -->
  <testcase classname="fb_testcases.LoginPageTest" name="loginTest" time="0.0">
    <skipped/>
  </testcase> <!-- loginTest -->
  <testcase classname="fb_testcases.HomePageTest" name="HomePageTitleTest" time="0.0">
    <skipped/>
  </testcase> <!-- HomePageTitleTest -->
  <testcase classname="fb_testcases.HomePageTest" name="verifyHomePage" time="0.0">
    <skipped/>
  </testcase> <!-- verifyHomePage -->
  <testcase classname="fb_testcases.HomePageTest" name="verifyClickOnLogout" time="0.0">
    <skipped/>
  </testcase> <!-- verifyClickOnLogout -->
</testsuite> <!-- Test -->
